# JRE version: OpenJDK Runtime Environment Temurin-17.0.3+7 (17.0.3+7) (build 17.0.3+7)
# Java VM: OpenJDK 64-Bit Server VM Temurin-17.0.3+7 (17.0.3+7, mixed mode, sharing, tiered, compressed oops, compressed class ptrs, g1 gc, windows-amd64)
GC Precious Log:
 CPUs: 16 total, 16 available
 Memory: 15775M
 Large Page Support: Disabled
 NUMA Support: Disabled
 Compressed Oops: Enabled (Zero based)
 Heap Region Size: 2M
 Heap Min Capacity: 512M
 Heap Initial Capacity: 512M
 Heap Max Capacity: 4072M
 Pre-touch: Disabled
 Parallel Workers: 13
 Concurrent Workers: 3
 Concurrent Refinement Workers: 13
 Periodic GC: Disabled
 String Deduplication is enabled
Heap:
 garbage-first heap   total 524288K, used 110674K [0x0000000701800000, 0x0000000800000000)
  region size 2048K, 1 young (2048K), 0 survivors (0K)
 Metaspace       used 91942K, committed 92800K, reserved 1130496K
  class space    used 12280K, committed 12800K, reserved 1048576K
GC Heap History (20 events):
Event: 41486.323 GC heap before
{Heap before GC invocations=2976 (full 2146):
 garbage-first heap   total 524288K, used 125123K [0x0000000701800000, 0x0000000800000000)
  region size 2048K, 2 young (4096K), 1 survivors (2048K)
 Metaspace       used 91942K, committed 92800K, reserved 1130496K
  class space    used 12280K, committed 12800K, reserved 1048576K
}
Event: 41486.452 GC heap after
{Heap after GC invocations=2977 (full 2147):
 garbage-first heap   total 524288K, used 112792K [0x0000000701800000, 0x0000000800000000)
  region size 2048K, 0 young (0K), 0 survivors (0K)
 Metaspace       used 91942K, committed 92800K, reserved 1130496K
  class space    used 12280K, committed 12800K, reserved 1048576K
}
Event: 41486.479 GC heap before
{Heap before GC invocations=2977 (full 2147):
 garbage-first heap   total 524288K, used 112792K [0x0000000701800000, 0x0000000800000000)
  region size 2048K, 1 young (2048K), 0 survivors (0K)
 Metaspace       used 91942K, committed 92800K, reserved 1130496K
  class space    used 12280K, committed 12800K, reserved 1048576K
}
Event: 41486.560 GC heap after
{Heap after GC invocations=2978 (full 2148):
 garbage-first heap   total 524288K, used 112796K [0x0000000701800000, 0x0000000800000000)
  region size 2048K, 0 young (0K), 0 survivors (0K)
 Metaspace       used 91942K, committed 92800K, reserved 1130496K
  class space    used 12280K, committed 12800K, reserved 1048576K
}
Event: 41486.581 GC heap before
{Heap before GC invocations=2978 (full 2148):
 garbage-first heap   total 524288K, used 112796K [0x0000000701800000, 0x0000000800000000)
  region size 2048K, 1 young (2048K), 0 survivors (0K)
 Metaspace       used 91942K, committed 92800K, reserved 1130496K
  class space    used 12280K, committed 12800K, reserved 1048576K
}
Event: 41486.659 GC heap after
{Heap after GC invocations=2979 (full 2149):
 garbage-first heap   total 524288K, used 112792K [0x0000000701800000, 0x0000000800000000)
  region size 2048K, 0 young (0K), 0 survivors (0K)
 Metaspace       used 91942K, committed 92800K, reserved 1130496K
  class space    used 12280K, committed 12800K, reserved 1048576K
}
Event: 41486.681 GC heap before
{Heap before GC invocations=2979 (full 2149):
 garbage-first heap   total 524288K, used 112792K [0x0000000701800000, 0x0000000800000000)
  region size 2048K, 1 young (2048K), 0 survivors (0K)
 Metaspace       used 91942K, committed 92800K, reserved 1130496K
  class space    used 12280K, committed 12800K, reserved 1048576K
}
Event: 41486.756 GC heap after
{Heap after GC invocations=2980 (full 2150):
 garbage-first heap   total 524288K, used 112791K [0x0000000701800000, 0x0000000800000000)
  region size 2048K, 0 young (0K), 0 survivors (0K)
 Metaspace       used 91942K, committed 92800K, reserved 1130496K
  class space    used 12280K, committed 12800K, reserved 1048576K
}
Event: 41486.779 GC heap before
{Heap before GC invocations=2980 (full 2150):
 garbage-first heap   total 524288K, used 112791K [0x0000000701800000, 0x0000000800000000)
  region size 2048K, 1 young (2048K), 0 survivors (0K)
 Metaspace       used 91942K, committed 92800K, reserved 1130496K
  class space    used 12280K, committed 12800K, reserved 1048576K
}
Event: 41486.851 GC heap after
{Heap after GC invocations=2981 (full 2151):
 garbage-first heap   total 524288K, used 112792K [0x0000000701800000, 0x0000000800000000)
  region size 2048K, 0 young (0K), 0 survivors (0K)
 Metaspace       used 91942K, committed 92800K, reserved 1130496K
  class space    used 12280K, committed 12800K, reserved 1048576K
}
Event: 41486.881 GC heap before
{Heap before GC invocations=2981 (full 2151):
 garbage-first heap   total 524288K, used 112792K [0x0000000701800000, 0x0000000800000000)
  region size 2048K, 1 young (2048K), 0 survivors (0K)
 Metaspace       used 91942K, committed 92800K, reserved 1130496K
  class space    used 12280K, committed 12800K, reserved 1048576K
}
Event: 41486.955 GC heap after
{Heap after GC invocations=2982 (full 2152):
 garbage-first heap   total 524288K, used 112793K [0x0000000701800000, 0x0000000800000000)
  region size 2048K, 0 young (0K), 0 survivors (0K)
 Metaspace       used 91942K, committed 92800K, reserved 1130496K
  class space    used 12280K, committed 12800K, reserved 1048576K
}
Event: 41486.974 GC heap before
{Heap before GC invocations=2982 (full 2152):
 garbage-first heap   total 524288K, used 112793K [0x0000000701800000, 0x0000000800000000)
  region size 2048K, 1 young (2048K), 0 survivors (0K)
 Metaspace       used 91942K, committed 92800K, reserved 1130496K
  class space    used 12280K, committed 12800K, reserved 1048576K
}
Event: 41486.975 GC heap after
{Heap after GC invocations=2983 (full 2152):
 garbage-first heap   total 524288K, used 112838K [0x0000000701800000, 0x0000000800000000)
  region size 2048K, 1 young (2048K), 1 survivors (2048K)
 Metaspace       used 91942K, committed 92800K, reserved 1130496K
  class space    used 12280K, committed 12800K, reserved 1048576K
}
Event: 41486.996 GC heap before
{Heap before GC invocations=2983 (full 2152):
 garbage-first heap   total 524288K, used 118982K [0x0000000701800000, 0x0000000800000000)
  region size 2048K, 2 young (4096K), 1 survivors (2048K)
 Metaspace       used 91942K, committed 92800K, reserved 1130496K
  class space    used 12280K, committed 12800K, reserved 1048576K
}
Event: 41487.070 GC heap after
{Heap after GC invocations=2984 (full 2153):
 garbage-first heap   total 524288K, used 112789K [0x0000000701800000, 0x0000000800000000)
  region size 2048K, 0 young (0K), 0 survivors (0K)
 Metaspace       used 91942K, committed 92800K, reserved 1130496K
  class space    used 12280K, committed 12800K, reserved 1048576K
}
Event: 41552.960 GC heap before
{Heap before GC invocations=2984 (full 2153):
 garbage-first heap   total 524288K, used 194709K [0x0000000701800000, 0x0000000800000000)
  region size 2048K, 40 young (81920K), 0 survivors (0K)
 Metaspace       used 91942K, committed 92800K, reserved 1130496K
  class space    used 12280K, committed 12800K, reserved 1048576K
}
Event: 41552.968 GC heap after
{Heap after GC invocations=2985 (full 2153):
 garbage-first heap   total 1572864K, used 113041K [0x0000000701800000, 0x0000000800000000)
  region size 2048K, 1 young (2048K), 1 survivors (2048K)
 Metaspace       used 91942K, committed 92800K, reserved 1130496K
  class space    used 12280K, committed 12800K, reserved 1048576K
}
Event: 41559.160 GC heap before
{Heap before GC invocations=2985 (full 2153):
 garbage-first heap   total 1572864K, used 149905K [0x0000000701800000, 0x0000000800000000)
  region size 2048K, 16 young (32768K), 1 survivors (2048K)
 Metaspace       used 91942K, committed 92800K, reserved 1130496K
  class space    used 12280K, committed 12800K, reserved 1048576K
}
Event: 41559.295 GC heap after
{Heap after GC invocations=2986 (full 2154):
 garbage-first heap   total 524288K, used 110674K [0x0000000701800000, 0x0000000800000000)
  region size 2048K, 0 young (0K), 0 survivors (0K)
 Metaspace       used 91942K, committed 92800K, reserved 1130496K
  class space    used 12280K, committed 12800K, reserved 1048576K
}

